c:\users\user\source\repos\sokoban\sokoban\debug\vc141.pdb
c:\users\user\source\repos\sokoban\sokoban\debug\vc141.idb
c:\users\user\source\repos\sokoban\sokoban\debug\scenemanager.obj
c:\users\user\source\repos\sokoban\sokoban\debug\box.obj
c:\users\user\source\repos\sokoban\sokoban\debug\goal.obj
c:\users\user\source\repos\sokoban\sokoban\debug\user.obj
c:\users\user\source\repos\sokoban\sokoban\debug\pane.obj
c:\users\user\source\repos\sokoban\sokoban\debug\gamescene.obj
c:\users\user\source\repos\sokoban\sokoban\debug\sokoban.obj
c:\users\user\source\repos\sokoban\sokoban\debug\main.obj
c:\users\user\source\repos\sokoban\sokoban\debug\startscene.obj
c:\users\user\source\repos\sokoban\sokoban\debug\filemanager.obj
c:\users\user\source\repos\sokoban\sokoban\debug\menupane.obj
c:\users\user\source\repos\sokoban\sokoban\debug\map.obj
c:\users\user\source\repos\sokoban\sokoban\debug\test.obj
c:\users\user\source\repos\sokoban\debug\sokoban.exe
c:\users\user\source\repos\sokoban\debug\sokoban.ilk
c:\users\user\source\repos\sokoban\debug\sokoban.pdb
c:\users\user\source\repos\sokoban\sokoban\debug\sokoban.tlog\cl.command.1.tlog
c:\users\user\source\repos\sokoban\sokoban\debug\sokoban.tlog\cl.read.1.tlog
c:\users\user\source\repos\sokoban\sokoban\debug\sokoban.tlog\cl.write.1.tlog
c:\users\user\source\repos\sokoban\sokoban\debug\sokoban.tlog\link.command.1.tlog
c:\users\user\source\repos\sokoban\sokoban\debug\sokoban.tlog\link.read.1.tlog
c:\users\user\source\repos\sokoban\sokoban\debug\sokoban.tlog\link.write.1.tlog
